Build started 12/15/2017 12:09:39 PM.
     1>Project "F:\Work\Visual Studio\Vowels\Vowels\Vowels.vcxproj" on node 2 (build target(s)).
     1>InitializeBuildStatus:
         Touching "Debug\Vowels.unsuccessfulbuild".
       ClCompile:
         C:\Program Files (x86)\Microsoft Visual Studio 10.0\VC\bin\CL.exe /c /ZI /nologo /W3 /WX- /Od /Oy- /D WIN32 /D _DEBUG /D _CONSOLE /D _UNICODE /D UNICODE /Gm /EHsc /RTC1 /MDd /GS /fp:precise /Zc:wchar_t /Zc:forScope /Fo"Debug\\" /Fd"Debug\vc100.pdb" /Gd /TC /analyze- /errorReport:prompt Vowels.c
         Vowels.c
     1>f:\work\visual studio\vowels\vowels\vowels.c(2): error C2061: syntax error : identifier 'program'
     1>f:\work\visual studio\vowels\vowels\vowels.c(2): error C2059: syntax error : ';'
     1>Done Building Project "F:\Work\Visual Studio\Vowels\Vowels\Vowels.vcxproj" (build target(s)) -- FAILED.

Build FAILED.

Time Elapsed 00:00:00.22
